<?xml version="1.0" encoding="UTF-8"?>
<!-- Generated by org.testng.reporters.JUnitXMLReporter -->
<testsuite ignored="0" hostname="RSIPLM2" failures="2" tests="10" name="Default test" time="202.331" errors="0" timestamp="2025-07-25T11:14:07 IST">
  <testcase classname="io.cucumber.testng.AbstractTestNGCucumberTests" name="runScenario" time="31.428"/>
  <testcase classname="io.cucumber.testng.AbstractTestNGCucumberTests" name="runScenario" time="17.036"/>
  <testcase classname="io.cucumber.testng.AbstractTestNGCucumberTests" name="runScenario" time="13.71"/>
  <testcase classname="io.cucumber.testng.AbstractTestNGCucumberTests" name="runScenario" time="19.336">
    <failure type="java.lang.AssertionError" message="Expected error message not displayed expected [true] but found [false]">
      <![CDATA[java.lang.AssertionError: Expected error message not displayed expected [true] but found [false]
at org.testng.Assert.fail(Assert.java:111)
at org.testng.Assert.failNotEquals(Assert.java:1590)
at org.testng.Assert.assertTrue(Assert.java:57)
at Stepdefinitions.BookingFeatureSteps.validation_error_email_should_be_shown(BookingFeatureSteps.java:122)
at ✽.validation error "Invalid email address" for email id should be shown(file:///C:/Users/LENOVO/eclipse-workspace/EventManagementSystem/src/test/resources/features/Booking.feature:30)
]]>
    </failure>
  </testcase> <!-- runScenario -->
  <testcase classname="io.cucumber.testng.AbstractTestNGCucumberTests" name="runScenario" time="22.424">
    <failure type="java.lang.AssertionError" message="Expected error message not displayed expected [true] but found [false]">
      <![CDATA[java.lang.AssertionError: Expected error message not displayed expected [true] but found [false]
at org.testng.Assert.fail(Assert.java:111)
at org.testng.Assert.failNotEquals(Assert.java:1590)
at org.testng.Assert.assertTrue(Assert.java:57)
at Stepdefinitions.BookingFeatureSteps.validation_error_guest_should_be_shown(BookingFeatureSteps.java:156)
at ✽.validation error "Guest count must be at least 1" for guest should be shown(file:///C:/Users/LENOVO/eclipse-workspace/EventManagementSystem/src/test/resources/features/Booking.feature:38)
]]>
    </failure>
  </testcase> <!-- runScenario -->
  <testcase classname="io.cucumber.testng.AbstractTestNGCucumberTests" name="runScenario" time="12.605"/>
  <testcase classname="io.cucumber.testng.AbstractTestNGCucumberTests" name="runScenario" time="20.201"/>
  <testcase classname="io.cucumber.testng.AbstractTestNGCucumberTests" name="runScenario" time="20.588"/>
  <testcase classname="io.cucumber.testng.AbstractTestNGCucumberTests" name="runScenario" time="23.24"/>
  <testcase classname="io.cucumber.testng.AbstractTestNGCucumberTests" name="runScenario" time="20.308"/>
</testsuite> <!-- Default test -->
