<?xml version="1.0" encoding="UTF-8"?>
<!-- Generated by org.testng.reporters.JUnitXMLReporter -->
<testsuite ignored="0" hostname="RSIPLM2" failures="0" tests="3" name="Test" time="24.574" errors="0" timestamp="2025-07-24T15:12:35 IST">
  <testcase classname="Testcases.BookingTestCase" name="setFormValues" time="5.778"/>
  <testcase classname="Testcases.BookingTestCase" name="clickSubmit" time="0.101"/>
  <testcase classname="Testcases.BookingTestCase" name="verifyConfirmationMessage" time="2.238"/>
</testsuite> <!-- Test -->
