<?xml version="1.0" encoding="UTF-8"?>
<testng-results ignored="0" total="10" passed="8" failed="2" skipped="0">
  <reporter-output>
  </reporter-output>
  <suite started-at="2025-07-25T11:10:45 IST" name="Default suite" finished-at="2025-07-25T11:14:07 IST" duration-ms="202331">
    <groups>
      <group name="cucumber">
        <method signature="AbstractTestNGCucumberTests.runScenario(io.cucumber.testng.PickleWrapper,io.cucumber.testng.FeatureWrapper)[pri:0, instance:testrunner.TestRunner@6a2b953e]" name="runScenario" class="io.cucumber.testng.AbstractTestNGCucumberTests"/>
      </group> <!-- cucumber -->
    </groups>
    <test started-at="2025-07-25T11:10:45 IST" name="Default test" finished-at="2025-07-25T11:14:07 IST" duration-ms="202331">
      <class name="testrunner.TestRunner">
        <test-method is-config="true" signature="setUpClass(org.testng.ITestContext)[pri:0, instance:testrunner.TestRunner@6a2b953e]" started-at="2025-07-25T11:10:45 IST" name="setUpClass" finished-at="2025-07-25T11:10:46 IST" duration-ms="1213" status="PASS">
          <params>
            <param index="0">
              <value>
                <![CDATA[org.testng.TestRunner@45745de6]]>
              </value>
            </param>
          </params>
          <reporter-output>
          </reporter-output>
        </test-method> <!-- setUpClass -->
        <test-method signature="runScenario(io.cucumber.testng.PickleWrapper,io.cucumber.testng.FeatureWrapper)[pri:0, instance:testrunner.TestRunner@6a2b953e]" started-at="2025-07-25T11:10:46 IST" name="runScenario" description="Runs Cucumber Scenarios" data-provider="scenarios" finished-at="2025-07-25T11:11:18 IST" duration-ms="31428" status="PASS">
          <params>
            <param index="0">
              <value>
                <![CDATA["Submit booking form with valid inputs"]]>
              </value>
            </param>
            <param index="1">
              <value>
                <![CDATA["Event Booking Form Functionality"]]>
              </value>
            </param>
          </params>
          <reporter-output>
          </reporter-output>
        </test-method> <!-- runScenario -->
        <test-method signature="runScenario(io.cucumber.testng.PickleWrapper,io.cucumber.testng.FeatureWrapper)[pri:0, instance:testrunner.TestRunner@6a2b953e]" started-at="2025-07-25T11:11:18 IST" name="runScenario" description="Runs Cucumber Scenarios" data-provider="scenarios" finished-at="2025-07-25T11:11:35 IST" duration-ms="17036" status="PASS">
          <params>
            <param index="0">
              <value>
                <![CDATA["Submit booking form with valid inputs"]]>
              </value>
            </param>
            <param index="1">
              <value>
                <![CDATA["Event Booking Form Functionality"]]>
              </value>
            </param>
          </params>
          <reporter-output>
          </reporter-output>
        </test-method> <!-- runScenario -->
        <test-method signature="runScenario(io.cucumber.testng.PickleWrapper,io.cucumber.testng.FeatureWrapper)[pri:0, instance:testrunner.TestRunner@6a2b953e]" started-at="2025-07-25T11:11:35 IST" name="runScenario" description="Runs Cucumber Scenarios" data-provider="scenarios" finished-at="2025-07-25T11:11:49 IST" duration-ms="13710" status="PASS">
          <params>
            <param index="0">
              <value>
                <![CDATA["Submit booking form with missing first name"]]>
              </value>
            </param>
            <param index="1">
              <value>
                <![CDATA["Event Booking Form Functionality"]]>
              </value>
            </param>
          </params>
          <reporter-output>
          </reporter-output>
        </test-method> <!-- runScenario -->
        <test-method signature="runScenario(io.cucumber.testng.PickleWrapper,io.cucumber.testng.FeatureWrapper)[pri:0, instance:testrunner.TestRunner@6a2b953e]" started-at="2025-07-25T11:11:49 IST" name="runScenario" description="Runs Cucumber Scenarios" data-provider="scenarios" finished-at="2025-07-25T11:12:08 IST" duration-ms="19336" status="FAIL">
          <params>
            <param index="0">
              <value>
                <![CDATA["Submit booking form with invalid email"]]>
              </value>
            </param>
            <param index="1">
              <value>
                <![CDATA["Event Booking Form Functionality"]]>
              </value>
            </param>
          </params>
          <exception class="java.lang.AssertionError">
            <message>
              <![CDATA[Expected error message not displayed expected [true] but found [false]]]>
            </message>
            <full-stacktrace>
              <![CDATA[java.lang.AssertionError: Expected error message not displayed expected [true] but found [false]
at org.testng.Assert.fail(Assert.java:111)
at org.testng.Assert.failNotEquals(Assert.java:1590)
at org.testng.Assert.assertTrue(Assert.java:57)
at Stepdefinitions.BookingFeatureSteps.validation_error_email_should_be_shown(BookingFeatureSteps.java:122)
at ✽.validation error "Invalid email address" for email id should be shown(file:///C:/Users/LENOVO/eclipse-workspace/EventManagementSystem/src/test/resources/features/Booking.feature:30)
]]>
            </full-stacktrace>
          </exception> <!-- java.lang.AssertionError -->
          <reporter-output>
          </reporter-output>
        </test-method> <!-- runScenario -->
        <test-method signature="runScenario(io.cucumber.testng.PickleWrapper,io.cucumber.testng.FeatureWrapper)[pri:0, instance:testrunner.TestRunner@6a2b953e]" started-at="2025-07-25T11:12:08 IST" name="runScenario" description="Runs Cucumber Scenarios" data-provider="scenarios" finished-at="2025-07-25T11:12:30 IST" duration-ms="22424" status="FAIL">
          <params>
            <param index="0">
              <value>
                <![CDATA["Submit booking form with zero guests"]]>
              </value>
            </param>
            <param index="1">
              <value>
                <![CDATA["Event Booking Form Functionality"]]>
              </value>
            </param>
          </params>
          <exception class="java.lang.AssertionError">
            <message>
              <![CDATA[Expected error message not displayed expected [true] but found [false]]]>
            </message>
            <full-stacktrace>
              <![CDATA[java.lang.AssertionError: Expected error message not displayed expected [true] but found [false]
at org.testng.Assert.fail(Assert.java:111)
at org.testng.Assert.failNotEquals(Assert.java:1590)
at org.testng.Assert.assertTrue(Assert.java:57)
at Stepdefinitions.BookingFeatureSteps.validation_error_guest_should_be_shown(BookingFeatureSteps.java:156)
at ✽.validation error "Guest count must be at least 1" for guest should be shown(file:///C:/Users/LENOVO/eclipse-workspace/EventManagementSystem/src/test/resources/features/Booking.feature:38)
]]>
            </full-stacktrace>
          </exception> <!-- java.lang.AssertionError -->
          <reporter-output>
          </reporter-output>
        </test-method> <!-- runScenario -->
        <test-method signature="runScenario(io.cucumber.testng.PickleWrapper,io.cucumber.testng.FeatureWrapper)[pri:0, instance:testrunner.TestRunner@6a2b953e]" started-at="2025-07-25T11:12:30 IST" name="runScenario" description="Runs Cucumber Scenarios" data-provider="scenarios" finished-at="2025-07-25T11:12:43 IST" duration-ms="12605" status="PASS">
          <params>
            <param index="0">
              <value>
                <![CDATA["Reset the booking form"]]>
              </value>
            </param>
            <param index="1">
              <value>
                <![CDATA["Event Booking Form Functionality"]]>
              </value>
            </param>
          </params>
          <reporter-output>
          </reporter-output>
        </test-method> <!-- runScenario -->
        <test-method signature="runScenario(io.cucumber.testng.PickleWrapper,io.cucumber.testng.FeatureWrapper)[pri:0, instance:testrunner.TestRunner@6a2b953e]" started-at="2025-07-25T11:12:43 IST" name="runScenario" description="Runs Cucumber Scenarios" data-provider="scenarios" finished-at="2025-07-25T11:13:03 IST" duration-ms="20201" status="PASS">
          <params>
            <param index="0">
              <value>
                <![CDATA["Entering Booking Filed using Excel file"]]>
              </value>
            </param>
            <param index="1">
              <value>
                <![CDATA["Event Booking Form Functionality"]]>
              </value>
            </param>
          </params>
          <reporter-output>
          </reporter-output>
        </test-method> <!-- runScenario -->
        <test-method signature="runScenario(io.cucumber.testng.PickleWrapper,io.cucumber.testng.FeatureWrapper)[pri:0, instance:testrunner.TestRunner@6a2b953e]" started-at="2025-07-25T11:13:03 IST" name="runScenario" description="Runs Cucumber Scenarios" data-provider="scenarios" finished-at="2025-07-25T11:13:24 IST" duration-ms="20588" status="PASS">
          <params>
            <param index="0">
              <value>
                <![CDATA["Submit Contact Us form with valid data"]]>
              </value>
            </param>
            <param index="1">
              <value>
                <![CDATA["Event Contact Us Form Functionality"]]>
              </value>
            </param>
          </params>
          <reporter-output>
          </reporter-output>
        </test-method> <!-- runScenario -->
        <test-method signature="runScenario(io.cucumber.testng.PickleWrapper,io.cucumber.testng.FeatureWrapper)[pri:0, instance:testrunner.TestRunner@6a2b953e]" started-at="2025-07-25T11:13:24 IST" name="runScenario" description="Runs Cucumber Scenarios" data-provider="scenarios" finished-at="2025-07-25T11:13:47 IST" duration-ms="23240" status="PASS">
          <params>
            <param index="0">
              <value>
                <![CDATA["Submit Contact Us form with valid data"]]>
              </value>
            </param>
            <param index="1">
              <value>
                <![CDATA["Event Contact Us Form Functionality"]]>
              </value>
            </param>
          </params>
          <reporter-output>
          </reporter-output>
        </test-method> <!-- runScenario -->
        <test-method signature="runScenario(io.cucumber.testng.PickleWrapper,io.cucumber.testng.FeatureWrapper)[pri:0, instance:testrunner.TestRunner@6a2b953e]" started-at="2025-07-25T11:13:47 IST" name="runScenario" description="Runs Cucumber Scenarios" data-provider="scenarios" finished-at="2025-07-25T11:14:07 IST" duration-ms="20308" status="PASS">
          <params>
            <param index="0">
              <value>
                <![CDATA["Submit Contact Us form with missing message"]]>
              </value>
            </param>
            <param index="1">
              <value>
                <![CDATA["Event Contact Us Form Functionality"]]>
              </value>
            </param>
          </params>
          <reporter-output>
          </reporter-output>
        </test-method> <!-- runScenario -->
        <test-method is-config="true" signature="tearDownClass()[pri:0, instance:testrunner.TestRunner@6a2b953e]" started-at="2025-07-25T11:14:07 IST" name="tearDownClass" finished-at="2025-07-25T11:14:07 IST" duration-ms="120" status="PASS">
          <reporter-output>
          </reporter-output>
        </test-method> <!-- tearDownClass -->
      </class> <!-- testrunner.TestRunner -->
    </test> <!-- Default test -->
  </suite> <!-- Default suite -->
</testng-results>
